[2023-10-23 15:44:22,073:INFO: main: Welcome to our custom logging]
[2023-10-23 17:44:56,503:INFO: common: yaml file: config/config.yaml loaded successfully]
[2023-10-23 17:44:56,504:INFO: common: yaml file: params.yaml loaded successfully]
[2023-10-23 17:44:56,505:INFO: common: yaml file: schema.yaml loaded successfully]
[2023-10-23 17:45:24,559:INFO: common: yaml file: config/config.yaml loaded successfully]
[2023-10-23 17:45:24,560:INFO: common: yaml file: params.yaml loaded successfully]
[2023-10-23 17:45:24,561:INFO: common: yaml file: schema.yaml loaded successfully]
[2023-10-23 17:45:24,562:INFO: common: created directory at: artifacts]
[2023-10-23 17:45:24,562:INFO: common: created directory at: artifacts/data_ingestion]
[2023-10-23 17:46:04,695:INFO: common: yaml file: config/config.yaml loaded successfully]
[2023-10-23 17:46:04,697:INFO: common: yaml file: params.yaml loaded successfully]
[2023-10-23 17:46:04,698:INFO: common: yaml file: schema.yaml loaded successfully]
[2023-10-23 17:46:04,699:INFO: common: created directory at: artifacts]
[2023-10-23 17:46:04,699:INFO: common: created directory at: artifacts/data_ingestion]
[2023-10-23 17:46:29,964:INFO: common: yaml file: config/config.yaml loaded successfully]
[2023-10-23 17:46:29,965:INFO: common: yaml file: params.yaml loaded successfully]
[2023-10-23 17:46:29,966:INFO: common: yaml file: schema.yaml loaded successfully]
[2023-10-23 17:46:29,966:INFO: common: created directory at: artifacts]
[2023-10-23 17:46:29,966:INFO: common: created directory at: artifacts/data_ingestion]
[2023-10-23 17:46:30,480:INFO: 3994679077: artifacts/data_ingestion/data.zip download! with following info: 
Connection: close
Content-Length: 23329
Cache-Control: max-age=300
Content-Security-Policy: default-src 'none'; style-src 'unsafe-inline'; sandbox
Content-Type: application/zip
ETag: "c69888a4ae59bc5a893392785a938ccd4937981c06ba8a9d6a21aa52b4ab5b6e"
Strict-Transport-Security: max-age=31536000
X-Content-Type-Options: nosniff
X-Frame-Options: deny
X-XSS-Protection: 1; mode=block
X-GitHub-Request-Id: EBE4:939A:139C7FE:145FB49:65369514
Accept-Ranges: bytes
Date: Mon, 23 Oct 2023 15:46:30 GMT
Via: 1.1 varnish
X-Served-By: cache-lcy-eglc8600039-LCY
X-Cache: HIT
X-Cache-Hits: 1
X-Timer: S1698075990.460757,VS0,VE1
Vary: Authorization,Accept-Encoding,Origin
Access-Control-Allow-Origin: *
Cross-Origin-Resource-Policy: cross-origin
X-Fastly-Request-ID: e49ac88011050dcf5830ce96a2c46178b021592e
Expires: Mon, 23 Oct 2023 15:51:30 GMT
Source-Age: 65

]
[2023-10-23 18:08:53,676:INFO: main: >>>> stage Data Ingestion stage started <<<<<<]
[2023-10-23 18:08:53,677:INFO: common: yaml file: config/config.yaml loaded successfully]
[2023-10-23 18:08:53,677:INFO: common: yaml file: params.yaml loaded successfully]
[2023-10-23 18:08:53,677:INFO: common: yaml file: schema.yaml loaded successfully]
[2023-10-23 18:08:53,677:INFO: common: created directory at: artifacts]
[2023-10-23 18:08:53,677:INFO: common: created directory at: artifacts/data_ingestion]
[2023-10-23 18:08:54,390:INFO: data_ingestion: artifacts/data_ingestion/data.zip download! with following info: 
Connection: close
Content-Length: 23329
Cache-Control: max-age=300
Content-Security-Policy: default-src 'none'; style-src 'unsafe-inline'; sandbox
Content-Type: application/zip
ETag: "c69888a4ae59bc5a893392785a938ccd4937981c06ba8a9d6a21aa52b4ab5b6e"
Strict-Transport-Security: max-age=31536000
X-Content-Type-Options: nosniff
X-Frame-Options: deny
X-XSS-Protection: 1; mode=block
X-GitHub-Request-Id: EBE4:939A:139C7FE:145FB49:65369514
Accept-Ranges: bytes
Date: Mon, 23 Oct 2023 16:08:54 GMT
Via: 1.1 varnish
X-Served-By: cache-lcy-eglc8600071-LCY
X-Cache: HIT
X-Cache-Hits: 1
X-Timer: S1698077334.070318,VS0,VE224
Vary: Authorization,Accept-Encoding,Origin
Access-Control-Allow-Origin: *
Cross-Origin-Resource-Policy: cross-origin
X-Fastly-Request-ID: 2dafd88aaca486a550df4a0da98a85da74d9d43b
Expires: Mon, 23 Oct 2023 16:13:54 GMT
Source-Age: 0

]
[2023-10-23 18:08:54,391:INFO: main: >>>>> stage Data Ingestion stage complated <<<<<

x======x]
[2023-10-24 16:04:35,013:INFO: common: yaml file: config/config.yaml loaded successfully]
[2023-10-24 16:04:35,024:INFO: common: yaml file: params.yaml loaded successfully]
[2023-10-24 16:04:35,026:INFO: common: yaml file: schema.yaml loaded successfully]
[2023-10-24 16:08:12,809:INFO: common: yaml file: config/config.yaml loaded successfully]
[2023-10-24 16:08:12,811:INFO: common: yaml file: params.yaml loaded successfully]
[2023-10-24 16:08:12,812:INFO: common: yaml file: schema.yaml loaded successfully]
[2023-10-24 16:09:05,347:INFO: common: yaml file: config/config.yaml loaded successfully]
[2023-10-24 16:09:05,348:INFO: common: yaml file: params.yaml loaded successfully]
[2023-10-24 16:09:05,350:INFO: common: yaml file: schema.yaml loaded successfully]
[2023-10-24 16:09:05,350:INFO: common: created directory at: artifacts]
[2023-10-24 16:09:05,351:INFO: common: created directory at: artifacts/data_validation]
[2023-10-24 16:26:55,648:INFO: main: >>>> stage Data Ingestion stage started <<<<<<]
[2023-10-24 16:26:55,649:INFO: common: yaml file: config/config.yaml loaded successfully]
[2023-10-24 16:26:55,649:INFO: common: yaml file: params.yaml loaded successfully]
[2023-10-24 16:26:55,650:INFO: common: yaml file: schema.yaml loaded successfully]
[2023-10-24 16:26:55,650:INFO: common: created directory at: artifacts]
[2023-10-24 16:26:55,650:INFO: common: created directory at: artifacts/data_ingestion]
[2023-10-24 16:26:56,450:INFO: data_ingestion: artifacts/data_ingestion/data.zip download! with following info: 
Connection: close
Content-Length: 23329
Cache-Control: max-age=300
Content-Security-Policy: default-src 'none'; style-src 'unsafe-inline'; sandbox
Content-Type: application/zip
ETag: "c69888a4ae59bc5a893392785a938ccd4937981c06ba8a9d6a21aa52b4ab5b6e"
Strict-Transport-Security: max-age=31536000
X-Content-Type-Options: nosniff
X-Frame-Options: deny
X-XSS-Protection: 1; mode=block
X-GitHub-Request-Id: B77E:D06B:1BE764:1C8C5C:6537D430
Accept-Ranges: bytes
Date: Tue, 24 Oct 2023 14:26:56 GMT
Via: 1.1 varnish
X-Served-By: cache-lcy-eglc8600033-LCY
X-Cache: MISS
X-Cache-Hits: 0
X-Timer: S1698157616.164957,VS0,VE169
Vary: Authorization,Accept-Encoding,Origin
Access-Control-Allow-Origin: *
Cross-Origin-Resource-Policy: cross-origin
X-Fastly-Request-ID: b44e80c4e0ecae020d5541f2b852f26b47f81979
Expires: Tue, 24 Oct 2023 14:31:56 GMT
Source-Age: 0

]
[2023-10-24 16:26:56,451:INFO: main: >>>>> stage Data Ingestion stage complated <<<<<

x======x]
[2023-10-24 16:26:56,451:INFO: main: >>>> stage Data Validation stage started <<<<<<]
[2023-10-24 16:26:56,452:INFO: common: yaml file: config/config.yaml loaded successfully]
[2023-10-24 16:26:56,452:INFO: common: yaml file: params.yaml loaded successfully]
[2023-10-24 16:26:56,453:INFO: common: yaml file: schema.yaml loaded successfully]
[2023-10-24 16:26:56,453:INFO: common: created directory at: artifacts]
[2023-10-24 16:26:56,453:INFO: common: created directory at: artifacts/data_validation]
[2023-10-24 16:26:56,457:INFO: main: >>>>> stage Data Validation stage complated <<<<<

x======x]
[2023-10-24 17:28:41,624:INFO: common: yaml file: config/config.yaml loaded successfully]
[2023-10-24 17:28:41,625:INFO: common: yaml file: params.yaml loaded successfully]
[2023-10-24 17:28:41,627:INFO: common: yaml file: schema.yaml loaded successfully]
[2023-10-24 17:28:41,628:INFO: common: created directory at: artifacts]
[2023-10-24 17:28:41,629:INFO: common: created directory at: artifacts/data_validation]
[2023-10-24 17:28:53,466:INFO: common: yaml file: config/config.yaml loaded successfully]
[2023-10-24 17:28:53,467:INFO: common: yaml file: params.yaml loaded successfully]
[2023-10-24 17:28:53,469:INFO: common: yaml file: schema.yaml loaded successfully]
[2023-10-24 17:28:53,470:INFO: common: created directory at: artifacts]
[2023-10-24 17:28:53,471:INFO: common: created directory at: artifacts/data_validation]
[2023-10-24 17:29:08,225:INFO: common: yaml file: config/config.yaml loaded successfully]
[2023-10-24 17:29:08,226:INFO: common: yaml file: params.yaml loaded successfully]
[2023-10-24 17:29:08,228:INFO: common: yaml file: schema.yaml loaded successfully]
[2023-10-24 17:29:08,229:INFO: common: created directory at: artifacts]
[2023-10-24 17:29:08,229:INFO: common: created directory at: artifacts/data_validation]
[2023-10-24 17:29:08,245:INFO: 3192522423: Splited data into training and test sets]
[2023-10-24 17:29:08,246:INFO: 3192522423: (1199, 12)]
[2023-10-24 17:29:08,246:INFO: 3192522423: (400, 12)]
[2023-10-24 17:48:34,457:INFO: main: >>>> stage Data Ingestion stage started <<<<<<]
[2023-10-24 17:48:34,458:INFO: common: yaml file: config/config.yaml loaded successfully]
[2023-10-24 17:48:34,458:INFO: common: yaml file: params.yaml loaded successfully]
[2023-10-24 17:48:34,459:INFO: common: yaml file: schema.yaml loaded successfully]
[2023-10-24 17:48:34,459:INFO: common: created directory at: artifacts]
[2023-10-24 17:48:34,459:INFO: common: created directory at: artifacts/data_ingestion]
[2023-10-24 17:48:35,029:INFO: data_ingestion: artifacts/data_ingestion/data.zip download! with following info: 
Connection: close
Content-Length: 23329
Cache-Control: max-age=300
Content-Security-Policy: default-src 'none'; style-src 'unsafe-inline'; sandbox
Content-Type: application/zip
ETag: "c69888a4ae59bc5a893392785a938ccd4937981c06ba8a9d6a21aa52b4ab5b6e"
Strict-Transport-Security: max-age=31536000
X-Content-Type-Options: nosniff
X-Frame-Options: deny
X-XSS-Protection: 1; mode=block
X-GitHub-Request-Id: 7F04:A0BB:2B51C5:2C5713:6537E752
Accept-Ranges: bytes
Date: Tue, 24 Oct 2023 15:48:35 GMT
Via: 1.1 varnish
X-Served-By: cache-lcy-eglc8600054-LCY
X-Cache: MISS
X-Cache-Hits: 0
X-Timer: S1698162515.878555,VS0,VE130
Vary: Authorization,Accept-Encoding,Origin
Access-Control-Allow-Origin: *
Cross-Origin-Resource-Policy: cross-origin
X-Fastly-Request-ID: 46e987e7814e7d9fafaf6d1697122c8d41c12c5a
Expires: Tue, 24 Oct 2023 15:53:35 GMT
Source-Age: 0

]
[2023-10-24 17:48:35,030:INFO: main: >>>>> stage Data Ingestion stage complated <<<<<

x======x]
[2023-10-24 17:48:35,030:INFO: main: >>>> stage Data Validation stage started <<<<<<]
[2023-10-24 17:48:35,031:INFO: common: yaml file: config/config.yaml loaded successfully]
[2023-10-24 17:48:35,032:INFO: common: yaml file: params.yaml loaded successfully]
[2023-10-24 17:48:35,033:INFO: common: yaml file: schema.yaml loaded successfully]
[2023-10-24 17:48:35,033:INFO: common: created directory at: artifacts]
[2023-10-24 17:48:35,033:INFO: common: created directory at: artifacts/data_validation]
[2023-10-24 17:48:35,046:INFO: main: >>>>> stage Data Validation stage complated <<<<<

x======x]
[2023-10-24 17:48:35,046:INFO: main: >>>> stage Data Transformation stage started <<<<<<]
[2023-10-24 17:48:35,046:ERROR: main: name 'DataTransformationTrainingPipeline' is not defined]
Traceback (most recent call last):
  File "/home/asini/Workspace/Enseignement/M2/MLOps/e2e-mlops/main.py", line 46, in <module>
    data_transformation =DataTransformationTrainingPipeline()
NameError: name 'DataTransformationTrainingPipeline' is not defined
[2023-10-24 17:49:31,119:INFO: main: >>>> stage Data Ingestion stage started <<<<<<]
[2023-10-24 17:49:31,121:INFO: common: yaml file: config/config.yaml loaded successfully]
[2023-10-24 17:49:31,121:INFO: common: yaml file: params.yaml loaded successfully]
[2023-10-24 17:49:31,122:INFO: common: yaml file: schema.yaml loaded successfully]
[2023-10-24 17:49:31,122:INFO: common: created directory at: artifacts]
[2023-10-24 17:49:31,122:INFO: common: created directory at: artifacts/data_ingestion]
[2023-10-24 17:49:31,122:INFO: data_ingestion: File already exists of size : ~ 23 KB]
[2023-10-24 17:49:31,123:INFO: main: >>>>> stage Data Ingestion stage complated <<<<<

x======x]
[2023-10-24 17:49:31,123:INFO: main: >>>> stage Data Validation stage started <<<<<<]
[2023-10-24 17:49:31,124:INFO: common: yaml file: config/config.yaml loaded successfully]
[2023-10-24 17:49:31,124:INFO: common: yaml file: params.yaml loaded successfully]
[2023-10-24 17:49:31,125:INFO: common: yaml file: schema.yaml loaded successfully]
[2023-10-24 17:49:31,125:INFO: common: created directory at: artifacts]
[2023-10-24 17:49:31,125:INFO: common: created directory at: artifacts/data_validation]
[2023-10-24 17:49:31,133:INFO: main: >>>>> stage Data Validation stage complated <<<<<

x======x]
[2023-10-24 17:49:31,133:INFO: main: >>>> stage Data Transformation stage started <<<<<<]
[2023-10-24 17:49:31,133:INFO: main: >>>>> stage Data Transformation stage complated <<<<<

x======x]
[2023-10-24 17:50:56,379:INFO: main: >>>> stage Data Ingestion stage started <<<<<<]
[2023-10-24 17:50:56,380:INFO: common: yaml file: config/config.yaml loaded successfully]
[2023-10-24 17:50:56,381:INFO: common: yaml file: params.yaml loaded successfully]
[2023-10-24 17:50:56,381:INFO: common: yaml file: schema.yaml loaded successfully]
[2023-10-24 17:50:56,382:INFO: common: created directory at: artifacts]
[2023-10-24 17:50:56,382:INFO: common: created directory at: artifacts/data_ingestion]
[2023-10-24 17:50:56,382:INFO: data_ingestion: File already exists of size : ~ 23 KB]
[2023-10-24 17:50:56,383:INFO: main: >>>>> stage Data Ingestion stage complated <<<<<

x======x]
[2023-10-24 17:50:56,383:INFO: main: >>>> stage Data Validation stage started <<<<<<]
[2023-10-24 17:50:56,384:INFO: common: yaml file: config/config.yaml loaded successfully]
[2023-10-24 17:50:56,384:INFO: common: yaml file: params.yaml loaded successfully]
[2023-10-24 17:50:56,385:INFO: common: yaml file: schema.yaml loaded successfully]
[2023-10-24 17:50:56,385:INFO: common: created directory at: artifacts]
[2023-10-24 17:50:56,385:INFO: common: created directory at: artifacts/data_validation]
[2023-10-24 17:50:56,393:INFO: main: >>>>> stage Data Validation stage complated <<<<<

x======x]
[2023-10-24 17:50:56,393:INFO: main: >>>> stage Data Transformation stage started <<<<<<]
[2023-10-24 17:50:56,393:INFO: main: >>>>> stage Data Transformation stage complated <<<<<

x======x]
[2023-10-24 17:55:12,252:INFO: main: >>>> stage Data Ingestion stage started <<<<<<]
[2023-10-24 17:55:12,253:INFO: common: yaml file: config/config.yaml loaded successfully]
[2023-10-24 17:55:12,253:INFO: common: yaml file: params.yaml loaded successfully]
[2023-10-24 17:55:12,254:INFO: common: yaml file: schema.yaml loaded successfully]
[2023-10-24 17:55:12,254:INFO: common: created directory at: artifacts]
[2023-10-24 17:55:12,254:INFO: common: created directory at: artifacts/data_ingestion]
[2023-10-24 17:55:12,926:INFO: data_ingestion: artifacts/data_ingestion/data.zip download! with following info: 
Connection: close
Content-Length: 23329
Cache-Control: max-age=300
Content-Security-Policy: default-src 'none'; style-src 'unsafe-inline'; sandbox
Content-Type: application/zip
ETag: "c69888a4ae59bc5a893392785a938ccd4937981c06ba8a9d6a21aa52b4ab5b6e"
Strict-Transport-Security: max-age=31536000
X-Content-Type-Options: nosniff
X-Frame-Options: deny
X-XSS-Protection: 1; mode=block
X-GitHub-Request-Id: 7F04:A0BB:2B51C5:2C5713:6537E752
Accept-Ranges: bytes
Date: Tue, 24 Oct 2023 15:55:12 GMT
Via: 1.1 varnish
X-Served-By: cache-lcy-eglc8600043-LCY
X-Cache: HIT
X-Cache-Hits: 1
X-Timer: S1698162913.693651,VS0,VE159
Vary: Authorization,Accept-Encoding,Origin
Access-Control-Allow-Origin: *
Cross-Origin-Resource-Policy: cross-origin
X-Fastly-Request-ID: 98ff76f3fafb7db6a63a0fb8f83596898a8766fc
Expires: Tue, 24 Oct 2023 16:00:12 GMT
Source-Age: 0

]
[2023-10-24 17:55:12,928:INFO: main: >>>>> stage Data Ingestion stage complated <<<<<

x======x]
[2023-10-24 17:55:12,928:INFO: main: >>>> stage Data Validation stage started <<<<<<]
[2023-10-24 17:55:12,930:INFO: common: yaml file: config/config.yaml loaded successfully]
[2023-10-24 17:55:12,930:INFO: common: yaml file: params.yaml loaded successfully]
[2023-10-24 17:55:12,932:INFO: common: yaml file: schema.yaml loaded successfully]
[2023-10-24 17:55:12,932:INFO: common: created directory at: artifacts]
[2023-10-24 17:55:12,932:INFO: common: created directory at: artifacts/data_validation]
[2023-10-24 17:55:12,947:INFO: main: >>>>> stage Data Validation stage complated <<<<<

x======x]
[2023-10-24 17:55:12,947:INFO: main: >>>> stage Data Transformation stage started <<<<<<]
[2023-10-24 17:55:12,947:INFO: main: >>>>> stage Data Transformation stage complated <<<<<

x======x]
[2023-10-24 17:57:36,459:INFO: main: >>>> stage Data Ingestion stage started <<<<<<]
[2023-10-24 17:57:36,460:INFO: common: yaml file: config/config.yaml loaded successfully]
[2023-10-24 17:57:36,461:INFO: common: yaml file: params.yaml loaded successfully]
[2023-10-24 17:57:36,462:INFO: common: yaml file: schema.yaml loaded successfully]
[2023-10-24 17:57:36,462:INFO: common: created directory at: artifacts]
[2023-10-24 17:57:36,462:INFO: common: created directory at: artifacts/data_ingestion]
[2023-10-24 17:57:36,462:INFO: data_ingestion: File already exists of size : ~ 23 KB]
[2023-10-24 17:57:36,463:INFO: main: >>>>> stage Data Ingestion stage complated <<<<<

x======x]
[2023-10-24 17:57:36,463:INFO: main: >>>> stage Data Validation stage started <<<<<<]
[2023-10-24 17:57:36,464:INFO: common: yaml file: config/config.yaml loaded successfully]
[2023-10-24 17:57:36,464:INFO: common: yaml file: params.yaml loaded successfully]
[2023-10-24 17:57:36,465:INFO: common: yaml file: schema.yaml loaded successfully]
[2023-10-24 17:57:36,465:INFO: common: created directory at: artifacts]
[2023-10-24 17:57:36,465:INFO: common: created directory at: artifacts/data_validation]
[2023-10-24 17:57:36,473:INFO: main: >>>>> stage Data Validation stage complated <<<<<

x======x]
[2023-10-24 17:57:36,473:INFO: main: >>>> stage Data Transformation stage started <<<<<<]
[2023-10-24 17:57:36,474:INFO: common: yaml file: config/config.yaml loaded successfully]
[2023-10-24 17:57:36,474:INFO: common: yaml file: params.yaml loaded successfully]
[2023-10-24 17:57:36,475:INFO: common: yaml file: schema.yaml loaded successfully]
[2023-10-24 17:57:36,475:INFO: common: created directory at: artifacts]
[2023-10-24 17:57:36,475:INFO: common: created directory at: artifacts/data_transformation]
[2023-10-24 17:57:36,484:INFO: data_transformation: Splited data into training and test sets]
[2023-10-24 17:57:36,484:INFO: data_transformation: (1199, 12)]
[2023-10-24 17:57:36,484:INFO: data_transformation: (400, 12)]
[2023-10-24 17:57:36,484:INFO: main: >>>>> stage Data Transformation stage complated <<<<<

x======x]
[2023-10-24 18:01:35,661:INFO: main: >>>> stage Data Ingestion stage started <<<<<<]
[2023-10-24 18:01:35,663:INFO: common: yaml file: config/config.yaml loaded successfully]
[2023-10-24 18:01:35,663:INFO: common: yaml file: params.yaml loaded successfully]
[2023-10-24 18:01:35,664:INFO: common: yaml file: schema.yaml loaded successfully]
[2023-10-24 18:01:35,664:INFO: common: created directory at: artifacts]
[2023-10-24 18:01:35,664:INFO: common: created directory at: artifacts/data_ingestion]
[2023-10-24 18:01:36,317:INFO: data_ingestion: artifacts/data_ingestion/data.zip download! with following info: 
Connection: close
Content-Length: 23329
Cache-Control: max-age=300
Content-Security-Policy: default-src 'none'; style-src 'unsafe-inline'; sandbox
Content-Type: application/zip
ETag: "c69888a4ae59bc5a893392785a938ccd4937981c06ba8a9d6a21aa52b4ab5b6e"
Strict-Transport-Security: max-age=31536000
X-Content-Type-Options: nosniff
X-Frame-Options: deny
X-XSS-Protection: 1; mode=block
X-GitHub-Request-Id: 7F04:A0BB:2B51C5:2C5713:6537E752
Accept-Ranges: bytes
Date: Tue, 24 Oct 2023 16:01:36 GMT
Via: 1.1 varnish
X-Served-By: cache-lcy-eglc8600056-LCY
X-Cache: HIT
X-Cache-Hits: 1
X-Timer: S1698163296.095288,VS0,VE161
Vary: Authorization,Accept-Encoding,Origin
Access-Control-Allow-Origin: *
Cross-Origin-Resource-Policy: cross-origin
X-Fastly-Request-ID: a1b14130aec9924ea7339ddefbe557167c7827ed
Expires: Tue, 24 Oct 2023 16:06:36 GMT
Source-Age: 0

]
[2023-10-24 18:01:36,318:INFO: main: >>>>> stage Data Ingestion stage complated <<<<<

x======x]
[2023-10-24 18:01:36,318:INFO: main: >>>> stage Data Validation stage started <<<<<<]
[2023-10-24 18:01:36,320:INFO: common: yaml file: config/config.yaml loaded successfully]
[2023-10-24 18:01:36,321:INFO: common: yaml file: params.yaml loaded successfully]
[2023-10-24 18:01:36,322:INFO: common: yaml file: schema.yaml loaded successfully]
[2023-10-24 18:01:36,323:INFO: common: created directory at: artifacts]
[2023-10-24 18:01:36,323:INFO: common: created directory at: artifacts/data_validation]
[2023-10-24 18:01:36,338:INFO: main: >>>>> stage Data Validation stage complated <<<<<

x======x]
[2023-10-24 18:01:36,338:INFO: main: >>>> stage Data Transformation stage started <<<<<<]
[2023-10-24 18:01:36,340:INFO: common: yaml file: config/config.yaml loaded successfully]
[2023-10-24 18:01:36,340:INFO: common: yaml file: params.yaml loaded successfully]
[2023-10-24 18:01:36,342:INFO: common: yaml file: schema.yaml loaded successfully]
[2023-10-24 18:01:36,343:INFO: common: created directory at: artifacts]
[2023-10-24 18:01:36,343:INFO: common: created directory at: artifacts/data_transformation]
[2023-10-24 18:01:36,356:INFO: data_transformation: Splited data into training and test sets]
[2023-10-24 18:01:36,356:INFO: data_transformation: (1199, 12)]
[2023-10-24 18:01:36,356:INFO: data_transformation: (400, 12)]
[2023-10-24 18:01:36,357:INFO: main: >>>>> stage Data Transformation stage complated <<<<<

x======x]
[2023-10-25 16:14:21,750:INFO: common: yaml file: config/config.yaml loaded successfully]
[2023-10-25 16:14:21,763:INFO: common: yaml file: params.yaml loaded successfully]
[2023-10-25 16:14:21,766:INFO: common: yaml file: schema.yaml loaded successfully]
[2023-10-25 16:14:21,767:INFO: common: created directory at: artifacts]
[2023-10-25 16:15:43,328:INFO: common: yaml file: config/config.yaml loaded successfully]
[2023-10-25 16:15:43,329:INFO: common: yaml file: params.yaml loaded successfully]
[2023-10-25 16:15:43,331:INFO: common: yaml file: schema.yaml loaded successfully]
[2023-10-25 16:15:43,332:INFO: common: created directory at: artifacts]
[2023-10-25 16:15:43,332:INFO: common: created directory at: artifacts/model_trainer]
[2023-10-25 16:16:48,719:INFO: common: yaml file: config/config.yaml loaded successfully]
[2023-10-25 16:16:48,722:INFO: common: yaml file: params.yaml loaded successfully]
[2023-10-25 16:16:48,724:INFO: common: yaml file: schema.yaml loaded successfully]
[2023-10-25 16:16:48,725:INFO: common: created directory at: artifacts]
[2023-10-25 16:16:48,725:INFO: common: created directory at: artifacts/model_trainer]
[2023-10-25 16:17:41,478:INFO: common: yaml file: config/config.yaml loaded successfully]
[2023-10-25 16:17:41,479:INFO: common: yaml file: params.yaml loaded successfully]
[2023-10-25 16:17:41,481:INFO: common: yaml file: schema.yaml loaded successfully]
[2023-10-25 16:17:41,482:INFO: common: created directory at: artifacts]
[2023-10-25 16:17:41,482:INFO: common: created directory at: artifacts/model_trainer]
[2023-10-25 16:19:10,305:INFO: common: yaml file: config/config.yaml loaded successfully]
[2023-10-25 16:19:10,307:INFO: common: yaml file: params.yaml loaded successfully]
[2023-10-25 16:19:10,308:INFO: common: yaml file: schema.yaml loaded successfully]
[2023-10-25 16:19:10,309:INFO: common: created directory at: artifacts]
[2023-10-25 16:19:10,309:INFO: common: created directory at: artifacts/model_trainer]
[2023-10-25 16:19:55,404:INFO: common: yaml file: config/config.yaml loaded successfully]
[2023-10-25 16:19:55,406:INFO: common: yaml file: params.yaml loaded successfully]
[2023-10-25 16:19:55,408:INFO: common: yaml file: schema.yaml loaded successfully]
[2023-10-25 16:19:55,408:INFO: common: created directory at: artifacts]
[2023-10-25 16:19:55,409:INFO: common: created directory at: artifacts/model_trainer]
[2023-10-25 16:20:19,973:INFO: common: yaml file: config/config.yaml loaded successfully]
[2023-10-25 16:20:19,976:INFO: common: yaml file: params.yaml loaded successfully]
[2023-10-25 16:20:19,978:INFO: common: yaml file: schema.yaml loaded successfully]
[2023-10-25 16:20:19,979:INFO: common: created directory at: artifacts]
[2023-10-25 16:20:19,979:INFO: common: created directory at: artifacts/model_trainer]
[2023-10-25 16:32:24,983:INFO: main: >>>> stage Data Ingestion stage started <<<<<<]
[2023-10-25 16:32:24,985:INFO: common: yaml file: config/config.yaml loaded successfully]
[2023-10-25 16:32:24,985:INFO: common: yaml file: params.yaml loaded successfully]
[2023-10-25 16:32:24,986:INFO: common: yaml file: schema.yaml loaded successfully]
[2023-10-25 16:32:24,986:INFO: common: created directory at: artifacts]
[2023-10-25 16:32:24,986:INFO: common: created directory at: artifacts/data_ingestion]
[2023-10-25 16:32:24,986:INFO: data_ingestion: File already exists of size : ~ 23 KB]
[2023-10-25 16:32:24,997:INFO: main: >>>>> stage Data Ingestion stage complated <<<<<

x======x]
[2023-10-25 16:32:24,997:INFO: main: >>>> stage Data Validation stage started <<<<<<]
[2023-10-25 16:32:24,998:INFO: common: yaml file: config/config.yaml loaded successfully]
[2023-10-25 16:32:24,999:INFO: common: yaml file: params.yaml loaded successfully]
[2023-10-25 16:32:25,000:INFO: common: yaml file: schema.yaml loaded successfully]
[2023-10-25 16:32:25,000:INFO: common: created directory at: artifacts]
[2023-10-25 16:32:25,000:INFO: common: created directory at: artifacts/data_validation]
[2023-10-25 16:32:25,004:INFO: main: >>>>> stage Data Validation stage complated <<<<<

x======x]
[2023-10-25 16:32:25,004:INFO: main: >>>> stage Data Transformation stage started <<<<<<]
[2023-10-25 16:32:25,005:INFO: common: yaml file: config/config.yaml loaded successfully]
[2023-10-25 16:32:25,005:INFO: common: yaml file: params.yaml loaded successfully]
[2023-10-25 16:32:25,006:INFO: common: yaml file: schema.yaml loaded successfully]
[2023-10-25 16:32:25,006:INFO: common: created directory at: artifacts]
[2023-10-25 16:32:25,007:INFO: common: created directory at: artifacts/data_transformation]
[2023-10-25 16:32:25,016:INFO: data_transformation: Splited data into training and test sets]
[2023-10-25 16:32:25,016:INFO: data_transformation: (1199, 12)]
[2023-10-25 16:32:25,016:INFO: data_transformation: (400, 12)]
[2023-10-25 16:32:25,016:INFO: main: >>>>> stage Data Transformation stage complated <<<<<

x======x]
[2023-10-25 16:32:25,016:INFO: main: >>>> stage Model Trainer stage started <<<<<<]
[2023-10-25 16:32:25,017:INFO: common: yaml file: config/config.yaml loaded successfully]
[2023-10-25 16:32:25,017:INFO: common: yaml file: params.yaml loaded successfully]
[2023-10-25 16:32:25,018:INFO: common: yaml file: schema.yaml loaded successfully]
[2023-10-25 16:32:25,018:INFO: common: created directory at: artifacts]
[2023-10-25 16:32:25,018:INFO: common: created directory at: artifacts/model_trainer]
[2023-10-25 16:32:25,025:INFO: main: >>>>> stage Model Trainer stage complated <<<<<

x======x]
[2023-10-25 18:52:02,711:INFO: common: yaml file: config/config.yaml loaded successfully]
[2023-10-25 18:52:02,712:INFO: common: yaml file: params.yaml loaded successfully]
[2023-10-25 18:52:02,714:INFO: common: yaml file: schema.yaml loaded successfully]
[2023-10-25 18:52:02,715:INFO: common: created directory at: artifacts]
[2023-10-25 18:52:02,716:INFO: common: created directory at: artifacts/model_trainer]
[2023-10-25 18:52:57,769:INFO: common: yaml file: config/config.yaml loaded successfully]
[2023-10-25 18:52:57,771:INFO: common: yaml file: params.yaml loaded successfully]
[2023-10-25 18:52:57,772:INFO: common: yaml file: schema.yaml loaded successfully]
[2023-10-25 18:52:57,773:INFO: common: created directory at: artifacts]
[2023-10-25 18:52:57,773:INFO: common: created directory at: artifacts/model_evaluation]
[2023-10-25 18:53:41,941:INFO: common: yaml file: config/config.yaml loaded successfully]
[2023-10-25 18:53:41,943:INFO: common: yaml file: params.yaml loaded successfully]
[2023-10-25 18:53:41,945:INFO: common: yaml file: schema.yaml loaded successfully]
[2023-10-25 18:53:41,945:INFO: common: created directory at: artifacts]
[2023-10-25 18:53:41,945:INFO: common: created directory at: artifacts/model_evaluation]
[2023-10-25 18:53:49,002:INFO: common: yaml file: config/config.yaml loaded successfully]
[2023-10-25 18:53:49,003:INFO: common: yaml file: params.yaml loaded successfully]
[2023-10-25 18:53:49,006:INFO: common: yaml file: schema.yaml loaded successfully]
[2023-10-25 18:53:49,006:INFO: common: created directory at: artifacts]
[2023-10-25 18:53:49,007:INFO: common: created directory at: artifacts/model_evaluation]
[2023-10-25 18:54:18,084:INFO: common: yaml file: config/config.yaml loaded successfully]
[2023-10-25 18:54:18,090:INFO: common: yaml file: params.yaml loaded successfully]
[2023-10-25 18:54:18,094:INFO: common: yaml file: schema.yaml loaded successfully]
[2023-10-25 18:54:18,096:INFO: common: created directory at: artifacts]
[2023-10-25 18:54:18,097:INFO: common: created directory at: artifacts/model_evaluation]
[2023-10-25 18:54:23,196:INFO: common: yaml file: config/config.yaml loaded successfully]
[2023-10-25 18:54:23,197:INFO: common: yaml file: params.yaml loaded successfully]
[2023-10-25 18:54:23,199:INFO: common: yaml file: schema.yaml loaded successfully]
[2023-10-25 18:54:23,200:INFO: common: created directory at: artifacts]
[2023-10-25 18:54:23,201:INFO: common: created directory at: artifacts/model_evaluation]
[2023-10-25 18:55:33,873:INFO: common: yaml file: config/config.yaml loaded successfully]
[2023-10-25 18:55:33,875:INFO: common: yaml file: params.yaml loaded successfully]
[2023-10-25 18:55:33,877:INFO: common: yaml file: schema.yaml loaded successfully]
[2023-10-25 18:55:33,878:INFO: common: created directory at: artifacts]
[2023-10-25 18:55:33,878:INFO: common: created directory at: artifacts/model_evaluation]
[2023-10-25 18:56:22,563:INFO: common: yaml file: config/config.yaml loaded successfully]
[2023-10-25 18:56:22,566:INFO: common: yaml file: params.yaml loaded successfully]
[2023-10-25 18:56:22,568:INFO: common: yaml file: schema.yaml loaded successfully]
[2023-10-25 18:56:22,570:INFO: common: created directory at: artifacts]
[2023-10-25 18:56:22,570:INFO: common: created directory at: artifacts/model_evaluation]
[2023-10-25 18:56:41,889:INFO: common: yaml file: config/config.yaml loaded successfully]
[2023-10-25 18:56:41,890:INFO: common: yaml file: params.yaml loaded successfully]
[2023-10-25 18:56:41,892:INFO: common: yaml file: schema.yaml loaded successfully]
[2023-10-25 18:56:41,893:INFO: common: created directory at: artifacts]
[2023-10-25 18:56:41,894:INFO: common: created directory at: artifacts/model_evaluation]
[2023-10-25 18:56:44,185:INFO: common: json file saved at: artifacts/model_evaluation/metrics.json]
[2023-10-25 18:57:04,093:INFO: common: yaml file: config/config.yaml loaded successfully]
[2023-10-25 18:57:04,094:INFO: common: yaml file: params.yaml loaded successfully]
[2023-10-25 18:57:04,096:INFO: common: yaml file: schema.yaml loaded successfully]
[2023-10-25 18:57:04,096:INFO: common: created directory at: artifacts]
[2023-10-25 18:57:04,097:INFO: common: created directory at: artifacts/model_evaluation]
[2023-10-25 18:57:05,378:INFO: common: json file saved at: artifacts/model_evaluation/metrics.json]
[2023-10-26 13:20:11,560:INFO: main: >>>> stage Data Ingestion stage started <<<<<<]
[2023-10-26 13:20:11,562:INFO: common: yaml file: config/config.yaml loaded successfully]
[2023-10-26 13:20:11,562:INFO: common: yaml file: params.yaml loaded successfully]
[2023-10-26 13:20:11,563:INFO: common: yaml file: schema.yaml loaded successfully]
[2023-10-26 13:20:11,563:INFO: common: created directory at: artifacts]
[2023-10-26 13:20:11,563:INFO: common: created directory at: artifacts/data_ingestion]
[2023-10-26 13:20:12,351:INFO: data_ingestion: artifacts/data_ingestion/data.zip download! with following info: 
Connection: close
Content-Length: 23329
Cache-Control: max-age=300
Content-Security-Policy: default-src 'none'; style-src 'unsafe-inline'; sandbox
Content-Type: application/zip
ETag: "c69888a4ae59bc5a893392785a938ccd4937981c06ba8a9d6a21aa52b4ab5b6e"
Strict-Transport-Security: max-age=31536000
X-Content-Type-Options: nosniff
X-Frame-Options: deny
X-XSS-Protection: 1; mode=block
X-GitHub-Request-Id: 3266:FDCA:32F31A:34B23A:653A4674
Accept-Ranges: bytes
Date: Thu, 26 Oct 2023 11:20:12 GMT
Via: 1.1 varnish
X-Served-By: cache-lcy-eglc8600057-LCY
X-Cache: HIT
X-Cache-Hits: 1
X-Timer: S1698319212.156158,VS0,VE159
Vary: Authorization,Accept-Encoding,Origin
Access-Control-Allow-Origin: *
Cross-Origin-Resource-Policy: cross-origin
X-Fastly-Request-ID: e83d85f37218dbe0f89637a53565108db50db890
Expires: Thu, 26 Oct 2023 11:25:12 GMT
Source-Age: 0

]
[2023-10-26 13:20:12,355:INFO: main: >>>>> stage Data Ingestion stage complated <<<<<

x======x]
[2023-10-26 13:20:12,355:INFO: main: >>>> stage Data Validation stage started <<<<<<]
[2023-10-26 13:20:12,361:INFO: common: yaml file: config/config.yaml loaded successfully]
[2023-10-26 13:20:12,362:INFO: common: yaml file: params.yaml loaded successfully]
[2023-10-26 13:20:12,364:INFO: common: yaml file: schema.yaml loaded successfully]
[2023-10-26 13:20:12,364:INFO: common: created directory at: artifacts]
[2023-10-26 13:20:12,365:INFO: common: created directory at: artifacts/data_validation]
[2023-10-26 13:20:12,379:INFO: main: >>>>> stage Data Validation stage complated <<<<<

x======x]
[2023-10-26 13:20:12,379:INFO: main: >>>> stage Data Transformation stage started <<<<<<]
[2023-10-26 13:20:12,381:INFO: common: yaml file: config/config.yaml loaded successfully]
[2023-10-26 13:20:12,381:INFO: common: yaml file: params.yaml loaded successfully]
[2023-10-26 13:20:12,382:INFO: common: yaml file: schema.yaml loaded successfully]
[2023-10-26 13:20:12,382:INFO: common: created directory at: artifacts]
[2023-10-26 13:20:12,382:INFO: common: created directory at: artifacts/data_transformation]
[2023-10-26 13:20:12,392:INFO: data_transformation: Splited data into training and test sets]
[2023-10-26 13:20:12,392:INFO: data_transformation: (1199, 12)]
[2023-10-26 13:20:12,392:INFO: data_transformation: (400, 12)]
[2023-10-26 13:20:12,392:INFO: main: >>>>> stage Data Transformation stage complated <<<<<

x======x]
[2023-10-26 13:20:12,392:INFO: main: >>>> stage Model Trainer stage started <<<<<<]
[2023-10-26 13:20:12,394:INFO: common: yaml file: config/config.yaml loaded successfully]
[2023-10-26 13:20:12,394:INFO: common: yaml file: params.yaml loaded successfully]
[2023-10-26 13:20:12,395:INFO: common: yaml file: schema.yaml loaded successfully]
[2023-10-26 13:20:12,395:INFO: common: created directory at: artifacts]
[2023-10-26 13:20:12,395:INFO: common: created directory at: artifacts/model_trainer]
[2023-10-26 13:20:12,406:INFO: main: >>>>> stage Model Trainer stage complated <<<<<

x======x]
[2023-10-26 13:20:12,406:INFO: main: >>>> stage Model Evaluation stage started <<<<<<]
[2023-10-26 13:20:12,409:INFO: common: yaml file: config/config.yaml loaded successfully]
[2023-10-26 13:20:12,409:INFO: common: yaml file: params.yaml loaded successfully]
[2023-10-26 13:20:12,411:INFO: common: yaml file: schema.yaml loaded successfully]
[2023-10-26 13:20:12,411:INFO: common: created directory at: artifacts]
[2023-10-26 13:20:12,411:INFO: common: created directory at: artifacts/model_evaluation]
[2023-10-26 13:20:12,502:INFO: common: json file saved at: artifacts/model_evaluation/metrics.json]
[2023-10-26 13:20:12,504:ERROR: main: module 'mlflow.sklearn' has no attribute 'log_mode']
Traceback (most recent call last):
  File "/home/asini/Workspace/Enseignement/M2/MLOps/e2e-mlops/main.py", line 82, in <module>
    data_evaluation.main()
  File "/home/asini/Workspace/Enseignement/M2/MLOps/e2e-mlops/src/mlProject/pipeline/stage_05_model_evaluation.py", line 18, in main
    model_trainer.log_into_mlflow()
  File "/home/asini/Workspace/Enseignement/M2/MLOps/e2e-mlops/src/mlProject/components/model_evaluation.py", line 57, in log_into_mlflow
    mlflow.sklearn.log_mode(model,"model")
AttributeError: module 'mlflow.sklearn' has no attribute 'log_mode'
[2023-10-26 13:21:08,680:INFO: main: >>>> stage Data Ingestion stage started <<<<<<]
[2023-10-26 13:21:08,681:INFO: common: yaml file: config/config.yaml loaded successfully]
[2023-10-26 13:21:08,682:INFO: common: yaml file: params.yaml loaded successfully]
[2023-10-26 13:21:08,683:INFO: common: yaml file: schema.yaml loaded successfully]
[2023-10-26 13:21:08,683:INFO: common: created directory at: artifacts]
[2023-10-26 13:21:08,683:INFO: common: created directory at: artifacts/data_ingestion]
[2023-10-26 13:21:08,683:INFO: data_ingestion: File already exists of size : ~ 23 KB]
[2023-10-26 13:21:08,684:INFO: main: >>>>> stage Data Ingestion stage complated <<<<<

x======x]
[2023-10-26 13:21:08,684:INFO: main: >>>> stage Data Validation stage started <<<<<<]
[2023-10-26 13:21:08,685:INFO: common: yaml file: config/config.yaml loaded successfully]
[2023-10-26 13:21:08,686:INFO: common: yaml file: params.yaml loaded successfully]
[2023-10-26 13:21:08,687:INFO: common: yaml file: schema.yaml loaded successfully]
[2023-10-26 13:21:08,687:INFO: common: created directory at: artifacts]
[2023-10-26 13:21:08,687:INFO: common: created directory at: artifacts/data_validation]
[2023-10-26 13:21:08,694:INFO: main: >>>>> stage Data Validation stage complated <<<<<

x======x]
[2023-10-26 13:21:08,694:INFO: main: >>>> stage Data Transformation stage started <<<<<<]
[2023-10-26 13:21:08,695:INFO: common: yaml file: config/config.yaml loaded successfully]
[2023-10-26 13:21:08,696:INFO: common: yaml file: params.yaml loaded successfully]
[2023-10-26 13:21:08,697:INFO: common: yaml file: schema.yaml loaded successfully]
[2023-10-26 13:21:08,697:INFO: common: created directory at: artifacts]
[2023-10-26 13:21:08,697:INFO: common: created directory at: artifacts/data_transformation]
[2023-10-26 13:21:08,706:INFO: data_transformation: Splited data into training and test sets]
[2023-10-26 13:21:08,706:INFO: data_transformation: (1199, 12)]
[2023-10-26 13:21:08,706:INFO: data_transformation: (400, 12)]
[2023-10-26 13:21:08,706:INFO: main: >>>>> stage Data Transformation stage complated <<<<<

x======x]
[2023-10-26 13:21:08,706:INFO: main: >>>> stage Model Trainer stage started <<<<<<]
[2023-10-26 13:21:08,707:INFO: common: yaml file: config/config.yaml loaded successfully]
[2023-10-26 13:21:08,708:INFO: common: yaml file: params.yaml loaded successfully]
[2023-10-26 13:21:08,709:INFO: common: yaml file: schema.yaml loaded successfully]
[2023-10-26 13:21:08,709:INFO: common: created directory at: artifacts]
[2023-10-26 13:21:08,709:INFO: common: created directory at: artifacts/model_trainer]
[2023-10-26 13:21:08,724:INFO: main: >>>>> stage Model Trainer stage complated <<<<<

x======x]
[2023-10-26 13:21:08,724:INFO: main: >>>> stage Model Evaluation stage started <<<<<<]
[2023-10-26 13:21:08,727:INFO: common: yaml file: config/config.yaml loaded successfully]
[2023-10-26 13:21:08,727:INFO: common: yaml file: params.yaml loaded successfully]
[2023-10-26 13:21:08,729:INFO: common: yaml file: schema.yaml loaded successfully]
[2023-10-26 13:21:08,729:INFO: common: created directory at: artifacts]
[2023-10-26 13:21:08,729:INFO: common: created directory at: artifacts/model_evaluation]
[2023-10-26 13:21:08,788:INFO: common: json file saved at: artifacts/model_evaluation/metrics.json]
[2023-10-26 13:21:10,038:INFO: main: >>>>> stage Model Evaluation stage complated <<<<<

x======x]
[2023-10-26 13:23:37,766:INFO: main: >>>> stage Data Ingestion stage started <<<<<<]
[2023-10-26 13:23:37,767:INFO: common: yaml file: config/config.yaml loaded successfully]
[2023-10-26 13:23:37,768:INFO: common: yaml file: params.yaml loaded successfully]
[2023-10-26 13:23:37,768:INFO: common: yaml file: schema.yaml loaded successfully]
[2023-10-26 13:23:37,769:INFO: common: created directory at: artifacts]
[2023-10-26 13:23:37,769:INFO: common: created directory at: artifacts/data_ingestion]
[2023-10-26 13:23:38,393:INFO: data_ingestion: artifacts/data_ingestion/data.zip download! with following info: 
Connection: close
Content-Length: 23329
Cache-Control: max-age=300
Content-Security-Policy: default-src 'none'; style-src 'unsafe-inline'; sandbox
Content-Type: application/zip
ETag: "c69888a4ae59bc5a893392785a938ccd4937981c06ba8a9d6a21aa52b4ab5b6e"
Strict-Transport-Security: max-age=31536000
X-Content-Type-Options: nosniff
X-Frame-Options: deny
X-XSS-Protection: 1; mode=block
X-GitHub-Request-Id: 3266:FDCA:32F31A:34B23A:653A4674
Accept-Ranges: bytes
Date: Thu, 26 Oct 2023 11:23:38 GMT
Via: 1.1 varnish
X-Served-By: cache-lcy-eglc8600037-LCY
X-Cache: HIT
X-Cache-Hits: 1
X-Timer: S1698319418.363853,VS0,VE1
Vary: Authorization,Accept-Encoding,Origin
Access-Control-Allow-Origin: *
Cross-Origin-Resource-Policy: cross-origin
X-Fastly-Request-ID: d1728f0ee88833310db3b4370f7419232ca054cb
Expires: Thu, 26 Oct 2023 11:28:38 GMT
Source-Age: 206

]
[2023-10-26 13:23:38,395:INFO: main: >>>>> stage Data Ingestion stage complated <<<<<

x======x]
[2023-10-26 13:23:38,396:INFO: main: >>>> stage Data Validation stage started <<<<<<]
[2023-10-26 13:23:38,402:INFO: common: yaml file: config/config.yaml loaded successfully]
[2023-10-26 13:23:38,403:INFO: common: yaml file: params.yaml loaded successfully]
[2023-10-26 13:23:38,405:INFO: common: yaml file: schema.yaml loaded successfully]
[2023-10-26 13:23:38,405:INFO: common: created directory at: artifacts]
[2023-10-26 13:23:38,405:INFO: common: created directory at: artifacts/data_validation]
[2023-10-26 13:23:38,411:INFO: main: >>>>> stage Data Validation stage complated <<<<<

x======x]
[2023-10-26 13:23:38,411:INFO: main: >>>> stage Data Transformation stage started <<<<<<]
[2023-10-26 13:23:38,414:INFO: common: yaml file: config/config.yaml loaded successfully]
[2023-10-26 13:23:38,415:INFO: common: yaml file: params.yaml loaded successfully]
[2023-10-26 13:23:38,418:INFO: common: yaml file: schema.yaml loaded successfully]
[2023-10-26 13:23:38,419:INFO: common: created directory at: artifacts]
[2023-10-26 13:23:38,419:INFO: common: created directory at: artifacts/data_transformation]
[2023-10-26 13:23:38,437:INFO: data_transformation: Splited data into training and test sets]
[2023-10-26 13:23:38,437:INFO: data_transformation: (1199, 12)]
[2023-10-26 13:23:38,437:INFO: data_transformation: (400, 12)]
[2023-10-26 13:23:38,437:INFO: main: >>>>> stage Data Transformation stage complated <<<<<

x======x]
[2023-10-26 13:23:38,437:INFO: main: >>>> stage Model Trainer stage started <<<<<<]
[2023-10-26 13:23:38,439:INFO: common: yaml file: config/config.yaml loaded successfully]
[2023-10-26 13:23:38,440:INFO: common: yaml file: params.yaml loaded successfully]
[2023-10-26 13:23:38,441:INFO: common: yaml file: schema.yaml loaded successfully]
[2023-10-26 13:23:38,441:INFO: common: created directory at: artifacts]
[2023-10-26 13:23:38,441:INFO: common: created directory at: artifacts/model_trainer]
[2023-10-26 13:23:38,448:INFO: main: >>>>> stage Model Trainer stage complated <<<<<

x======x]
[2023-10-26 13:23:38,448:INFO: main: >>>> stage Model Evaluation stage started <<<<<<]
[2023-10-26 13:23:38,453:INFO: common: yaml file: config/config.yaml loaded successfully]
[2023-10-26 13:23:38,454:INFO: common: yaml file: params.yaml loaded successfully]
[2023-10-26 13:23:38,456:INFO: common: yaml file: schema.yaml loaded successfully]
[2023-10-26 13:23:38,456:INFO: common: created directory at: artifacts]
[2023-10-26 13:23:38,456:INFO: common: created directory at: artifacts/model_evaluation]
[2023-10-26 13:23:38,525:INFO: common: json file saved at: artifacts/model_evaluation/metrics.json]
[2023-10-26 13:23:39,770:INFO: main: >>>>> stage Model Evaluation stage complated <<<<<

x======x]
[2023-10-26 18:18:07,476:INFO: _internal: [31m[1mWARNING: This is a development server. Do not use it in a production deployment. Use a production WSGI server instead.[0m
 * Running on all addresses (0.0.0.0)
 * Running on http://127.0.0.1:8080
 * Running on http://172.18.206.135:8080]
[2023-10-26 18:18:07,476:INFO: _internal: [33mPress CTRL+C to quit[0m]
[2023-10-26 18:18:07,476:INFO: _internal:  * Restarting with stat]
[2023-10-26 18:18:07,767:WARNING: _internal:  * Debugger is active!]
[2023-10-26 18:18:07,839:INFO: _internal:  * Debugger PIN: 137-270-179]
[2023-10-26 18:18:15,113:INFO: _internal: 127.0.0.1 - - [26/Oct/2023 18:18:15] "[35m[1mGET / HTTP/1.1[0m" 500 -]
[2023-10-26 18:18:15,150:INFO: _internal: 127.0.0.1 - - [26/Oct/2023 18:18:15] "GET /?__debugger__=yes&cmd=resource&f=style.css HTTP/1.1" 200 -]
[2023-10-26 18:18:15,151:INFO: _internal: 127.0.0.1 - - [26/Oct/2023 18:18:15] "GET /?__debugger__=yes&cmd=resource&f=debugger.js HTTP/1.1" 200 -]
[2023-10-26 18:18:15,165:INFO: _internal: 127.0.0.1 - - [26/Oct/2023 18:18:15] "GET /?__debugger__=yes&cmd=resource&f=console.png HTTP/1.1" 200 -]
[2023-10-26 18:18:15,166:INFO: _internal: 127.0.0.1 - - [26/Oct/2023 18:18:15] "GET /?__debugger__=yes&cmd=resource&f=console.png HTTP/1.1" 200 -]
[2023-10-26 18:22:55,522:INFO: _internal: [31m[1mWARNING: This is a development server. Do not use it in a production deployment. Use a production WSGI server instead.[0m
 * Running on all addresses (0.0.0.0)
 * Running on http://127.0.0.1:8080
 * Running on http://172.18.206.135:8080]
[2023-10-26 18:22:55,522:INFO: _internal: [33mPress CTRL+C to quit[0m]
[2023-10-26 18:22:55,522:INFO: _internal:  * Restarting with stat]
[2023-10-26 18:22:55,815:WARNING: _internal:  * Debugger is active!]
[2023-10-26 18:22:55,816:INFO: _internal:  * Debugger PIN: 137-270-179]
[2023-10-26 18:23:00,575:INFO: _internal: 172.18.206.135 - - [26/Oct/2023 18:23:00] "GET / HTTP/1.1" 200 -]
[2023-10-26 18:23:00,607:INFO: _internal: 172.18.206.135 - - [26/Oct/2023 18:23:00] "GET /static/css/styles.css HTTP/1.1" 200 -]
[2023-10-26 18:23:00,611:INFO: _internal: 172.18.206.135 - - [26/Oct/2023 18:23:00] "GET /static/js/scripts.js HTTP/1.1" 200 -]
[2023-10-26 18:23:00,611:INFO: _internal: 172.18.206.135 - - [26/Oct/2023 18:23:00] "GET /static/css2/nunito-font.css HTTP/1.1" 200 -]
[2023-10-26 18:23:00,612:INFO: _internal: 172.18.206.135 - - [26/Oct/2023 18:23:00] "GET /static/css2/style.css HTTP/1.1" 200 -]
[2023-10-26 18:23:01,552:INFO: _internal: 172.18.206.135 - - [26/Oct/2023 18:23:01] "[33mGET /static/assets/img/wine.jpg HTTP/1.1[0m" 404 -]
[2023-10-26 18:23:01,553:INFO: _internal: 172.18.206.135 - - [26/Oct/2023 18:23:01] "GET /static/assets/img/form-v9.jpg HTTP/1.1" 200 -]
[2023-10-26 18:23:01,573:INFO: _internal: 172.18.206.135 - - [26/Oct/2023 18:23:01] "[33mGET /static/fonts/Nunito/Nunito-Bold.ttf HTTP/1.1[0m" 404 -]
[2023-10-26 18:23:01,675:INFO: _internal: 172.18.206.135 - - [26/Oct/2023 18:23:01] "GET /static/assets/favicon.ico HTTP/1.1" 200 -]
[2023-10-26 18:29:29,960:INFO: _internal:  * Detected change in '/home/asini/Workspace/Enseignement/M2/MLOps/e2e-mlops/app.py', reloading]
[2023-10-26 18:29:30,024:INFO: _internal:  * Restarting with stat]
[2023-10-26 18:31:27,386:INFO: _internal: [31m[1mWARNING: This is a development server. Do not use it in a production deployment. Use a production WSGI server instead.[0m
 * Running on all addresses (0.0.0.0)
 * Running on http://127.0.0.1:8080
 * Running on http://172.18.206.135:8080]
[2023-10-26 18:31:27,386:INFO: _internal: [33mPress CTRL+C to quit[0m]
[2023-10-26 18:31:27,386:INFO: _internal:  * Restarting with stat]
[2023-10-26 18:31:27,679:WARNING: _internal:  * Debugger is active!]
[2023-10-26 18:31:27,679:INFO: _internal:  * Debugger PIN: 137-270-179]
[2023-10-26 18:31:42,287:INFO: _internal: 172.18.206.135 - - [26/Oct/2023 18:31:42] "GET / HTTP/1.1" 200 -]
[2023-10-26 18:31:42,315:INFO: _internal: 172.18.206.135 - - [26/Oct/2023 18:31:42] "[36mGET /static/css/styles.css HTTP/1.1[0m" 304 -]
[2023-10-26 18:31:42,315:INFO: _internal: 172.18.206.135 - - [26/Oct/2023 18:31:42] "[36mGET /static/css2/style.css HTTP/1.1[0m" 304 -]
[2023-10-26 18:31:42,316:INFO: _internal: 172.18.206.135 - - [26/Oct/2023 18:31:42] "[36mGET /static/css2/nunito-font.css HTTP/1.1[0m" 304 -]
[2023-10-26 18:31:42,317:INFO: _internal: 172.18.206.135 - - [26/Oct/2023 18:31:42] "[36mGET /static/js/scripts.js HTTP/1.1[0m" 304 -]
[2023-10-26 18:31:42,338:INFO: _internal: 172.18.206.135 - - [26/Oct/2023 18:31:42] "[33mGET /static/assets/img/wine.jpg HTTP/1.1[0m" 404 -]
[2023-10-26 18:31:42,339:INFO: _internal: 172.18.206.135 - - [26/Oct/2023 18:31:42] "[36mGET /static/assets/img/form-v9.jpg HTTP/1.1[0m" 304 -]
[2023-10-26 18:31:42,339:INFO: _internal: 172.18.206.135 - - [26/Oct/2023 18:31:42] "[33mGET /static/fonts/Nunito/Nunito-Bold.ttf HTTP/1.1[0m" 404 -]
[2023-10-26 18:31:53,622:INFO: main: >>>> stage Data Ingestion stage started <<<<<<]
[2023-10-26 18:31:53,623:INFO: common: yaml file: config/config.yaml loaded successfully]
[2023-10-26 18:31:53,624:INFO: common: yaml file: params.yaml loaded successfully]
[2023-10-26 18:31:53,625:INFO: common: yaml file: schema.yaml loaded successfully]
[2023-10-26 18:31:53,625:INFO: common: created directory at: artifacts]
[2023-10-26 18:31:53,625:INFO: common: created directory at: artifacts/data_ingestion]
[2023-10-26 18:31:53,625:INFO: data_ingestion: File already exists of size : ~ 23 KB]
[2023-10-26 18:31:53,626:INFO: main: >>>>> stage Data Ingestion stage complated <<<<<

x======x]
[2023-10-26 18:31:53,626:INFO: main: >>>> stage Data Validation stage started <<<<<<]
[2023-10-26 18:31:53,627:INFO: common: yaml file: config/config.yaml loaded successfully]
[2023-10-26 18:31:53,628:INFO: common: yaml file: params.yaml loaded successfully]
[2023-10-26 18:31:53,628:INFO: common: yaml file: schema.yaml loaded successfully]
[2023-10-26 18:31:53,629:INFO: common: created directory at: artifacts]
[2023-10-26 18:31:53,629:INFO: common: created directory at: artifacts/data_validation]
[2023-10-26 18:31:53,632:INFO: main: >>>>> stage Data Validation stage complated <<<<<

x======x]
[2023-10-26 18:31:53,632:INFO: main: >>>> stage Data Transformation stage started <<<<<<]
[2023-10-26 18:31:53,634:INFO: common: yaml file: config/config.yaml loaded successfully]
[2023-10-26 18:31:53,634:INFO: common: yaml file: params.yaml loaded successfully]
[2023-10-26 18:31:53,635:INFO: common: yaml file: schema.yaml loaded successfully]
[2023-10-26 18:31:53,635:INFO: common: created directory at: artifacts]
[2023-10-26 18:31:53,635:INFO: common: created directory at: artifacts/data_transformation]
[2023-10-26 18:31:53,644:INFO: data_transformation: Splited data into training and test sets]
[2023-10-26 18:31:53,644:INFO: data_transformation: (1199, 12)]
[2023-10-26 18:31:53,644:INFO: data_transformation: (400, 12)]
[2023-10-26 18:31:53,644:INFO: main: >>>>> stage Data Transformation stage complated <<<<<

x======x]
[2023-10-26 18:31:53,644:INFO: main: >>>> stage Model Trainer stage started <<<<<<]
[2023-10-26 18:31:53,646:INFO: common: yaml file: config/config.yaml loaded successfully]
[2023-10-26 18:31:53,646:INFO: common: yaml file: params.yaml loaded successfully]
[2023-10-26 18:31:53,647:INFO: common: yaml file: schema.yaml loaded successfully]
[2023-10-26 18:31:53,647:INFO: common: created directory at: artifacts]
[2023-10-26 18:31:53,647:INFO: common: created directory at: artifacts/model_trainer]
[2023-10-26 18:31:53,662:INFO: main: >>>>> stage Model Trainer stage complated <<<<<

x======x]
[2023-10-26 18:31:53,662:INFO: main: >>>> stage Model Evaluation stage started <<<<<<]
[2023-10-26 18:31:53,665:INFO: common: yaml file: config/config.yaml loaded successfully]
[2023-10-26 18:31:53,665:INFO: common: yaml file: params.yaml loaded successfully]
[2023-10-26 18:31:53,667:INFO: common: yaml file: schema.yaml loaded successfully]
[2023-10-26 18:31:53,667:INFO: common: created directory at: artifacts]
[2023-10-26 18:31:53,667:INFO: common: created directory at: artifacts/model_evaluation]
[2023-10-26 18:31:53,726:INFO: common: json file saved at: artifacts/model_evaluation/metrics.json]
[2023-10-26 18:31:54,951:INFO: main: >>>>> stage Model Evaluation stage complated <<<<<

x======x]
[2023-10-26 18:31:55,159:INFO: _internal: 172.18.206.135 - - [26/Oct/2023 18:31:55] "GET /train HTTP/1.1" 200 -]
[2023-10-26 18:31:55,187:INFO: _internal: 172.18.206.135 - - [26/Oct/2023 18:31:55] "[33mGET /favicon.ico HTTP/1.1[0m" 404 -]
[2023-10-26 18:33:02,209:INFO: _internal:  * Detected change in '/home/asini/Workspace/Enseignement/M2/MLOps/e2e-mlops/app.py', reloading]
[2023-10-26 18:33:02,277:INFO: _internal:  * Restarting with stat]
[2023-10-26 18:40:05,973:INFO: _internal: [31m[1mWARNING: This is a development server. Do not use it in a production deployment. Use a production WSGI server instead.[0m
 * Running on all addresses (0.0.0.0)
 * Running on http://127.0.0.1:8080
 * Running on http://172.18.206.135:8080]
[2023-10-26 18:40:05,973:INFO: _internal: [33mPress CTRL+C to quit[0m]
[2023-10-26 18:40:05,973:INFO: _internal:  * Restarting with stat]
[2023-10-26 18:40:06,264:WARNING: _internal:  * Debugger is active!]
[2023-10-26 18:40:06,265:INFO: _internal:  * Debugger PIN: 137-270-179]
[2023-10-26 18:40:17,437:INFO: _internal: 172.18.206.135 - - [26/Oct/2023 18:40:17] "GET / HTTP/1.1" 200 -]
[2023-10-26 18:40:17,470:INFO: _internal: 172.18.206.135 - - [26/Oct/2023 18:40:17] "[36mGET /static/js/scripts.js HTTP/1.1[0m" 304 -]
[2023-10-26 18:40:17,471:INFO: _internal: 172.18.206.135 - - [26/Oct/2023 18:40:17] "[36mGET /static/css/styles.css HTTP/1.1[0m" 304 -]
[2023-10-26 18:40:17,473:INFO: _internal: 172.18.206.135 - - [26/Oct/2023 18:40:17] "[36mGET /static/css2/style.css HTTP/1.1[0m" 304 -]
[2023-10-26 18:40:17,473:INFO: _internal: 172.18.206.135 - - [26/Oct/2023 18:40:17] "[36mGET /static/css2/nunito-font.css HTTP/1.1[0m" 304 -]
[2023-10-26 18:40:17,503:INFO: _internal: 172.18.206.135 - - [26/Oct/2023 18:40:17] "[33mGET /static/assets/img/wine.jpg HTTP/1.1[0m" 404 -]
[2023-10-26 18:40:17,503:INFO: _internal: 172.18.206.135 - - [26/Oct/2023 18:40:17] "[36mGET /static/assets/img/form-v9.jpg HTTP/1.1[0m" 304 -]
[2023-10-26 18:40:17,515:INFO: _internal: 172.18.206.135 - - [26/Oct/2023 18:40:17] "[33mGET /static/fonts/Nunito/Nunito-Bold.ttf HTTP/1.1[0m" 404 -]
[2023-10-26 18:40:37,211:INFO: _internal: 172.18.206.135 - - [26/Oct/2023 18:40:37] "POST /predict HTTP/1.1" 200 -]
[2023-10-26 18:40:37,236:INFO: _internal: 172.18.206.135 - - [26/Oct/2023 18:40:37] "[36mGET /static/js/scripts.js HTTP/1.1[0m" 304 -]
[2023-10-26 18:40:37,237:INFO: _internal: 172.18.206.135 - - [26/Oct/2023 18:40:37] "[36mGET /static/css/styles.css HTTP/1.1[0m" 304 -]
[2023-10-26 18:40:37,264:INFO: _internal: 172.18.206.135 - - [26/Oct/2023 18:40:37] "[33mGET /static/assets/img/wine.gif HTTP/1.1[0m" 404 -]
[2024-01-18 10:07:49,556:INFO: main: >>>> stage Data Ingestion stage started <<<<<<]
[2024-01-18 10:07:49,558:INFO: common: yaml file: config/config.yaml loaded successfully]
[2024-01-18 10:07:49,559:INFO: common: yaml file: params.yaml loaded successfully]
[2024-01-18 10:07:49,560:INFO: common: yaml file: schema.yaml loaded successfully]
[2024-01-18 10:07:49,560:INFO: common: created directory at: artifacts]
[2024-01-18 10:07:49,560:INFO: common: created directory at: artifacts/data_ingestion]
[2024-01-18 10:07:49,560:INFO: data_ingestion: File already exists of size : ~ 90 KB]
[2024-01-18 10:07:49,561:ERROR: main: [Errno 21] Is a directory: 'artifacts/data_ingestion/data_mails']
Traceback (most recent call last):
  File "/Users/tachet/Documents/GitHub/SPAM_MAIL_DETECTION/main.py", line 20, in <module>
    data_ingestion.main()
  File "/Users/tachet/Documents/GitHub/SPAM_MAIL_DETECTION/src/mlProject/pipeline/stage_01_data_ingestion.py", line 17, in main
    data_ingestion.extract_zip_file()
  File "/Users/tachet/Documents/GitHub/SPAM_MAIL_DETECTION/src/mlProject/components/data_ingestion.py", line 35, in extract_zip_file
    with zipfile.ZipFile(self.config.local_data_file,'r') as zip_ref:
         ^^^^^^^^^^^^^^^^^^^^^^^^^^^^^^^^^^^^^^^^^^^^^^^^
  File "/Users/tachet/opt/anaconda3/envs/MlOps/lib/python3.12/zipfile/__init__.py", line 1320, in __init__
    self.fp = io.open(file, filemode)
              ^^^^^^^^^^^^^^^^^^^^^^^
IsADirectoryError: [Errno 21] Is a directory: 'artifacts/data_ingestion/data_mails'
[2024-01-18 10:14:44,475:INFO: main: >>>> stage Data Ingestion stage started <<<<<<]
[2024-01-18 10:14:44,479:INFO: common: yaml file: config/config.yaml loaded successfully]
[2024-01-18 10:14:44,481:INFO: common: yaml file: params.yaml loaded successfully]
[2024-01-18 10:14:44,482:INFO: common: yaml file: schema.yaml loaded successfully]
[2024-01-18 10:14:44,483:INFO: common: created directory at: artifacts]
[2024-01-18 10:14:44,483:INFO: common: created directory at: artifacts/data_ingestion]
[2024-01-18 10:14:44,483:INFO: data_ingestion: File already exists of size : ~ 90 KB]
[2024-01-18 10:14:44,483:ERROR: main: [Errno 21] Is a directory: 'artifacts/data_ingestion/data_mails']
Traceback (most recent call last):
  File "/Users/tachet/Documents/GitHub/SPAM_MAIL_DETECTION/main.py", line 20, in <module>
    data_ingestion.main()
  File "/Users/tachet/Documents/GitHub/SPAM_MAIL_DETECTION/src/mlProject/pipeline/stage_01_data_ingestion.py", line 17, in main
    data_ingestion.extract_zip_file()
  File "/Users/tachet/Documents/GitHub/SPAM_MAIL_DETECTION/src/mlProject/components/data_ingestion.py", line 35, in extract_zip_file
    with zipfile.ZipFile(self.config.local_data_file,'r') as zip_ref:
         ^^^^^^^^^^^^^^^^^^^^^^^^^^^^^^^^^^^^^^^^^^^^^^^^
  File "/Users/tachet/opt/anaconda3/envs/MlOps/lib/python3.12/zipfile/__init__.py", line 1320, in __init__
    self.fp = io.open(file, filemode)
              ^^^^^^^^^^^^^^^^^^^^^^^
IsADirectoryError: [Errno 21] Is a directory: 'artifacts/data_ingestion/data_mails'
[2024-01-18 10:17:04,924:INFO: main: >>>> stage Data Ingestion stage started <<<<<<]
[2024-01-18 10:17:04,929:INFO: common: yaml file: config/config.yaml loaded successfully]
[2024-01-18 10:17:04,930:INFO: common: yaml file: params.yaml loaded successfully]
[2024-01-18 10:17:04,931:INFO: common: yaml file: schema.yaml loaded successfully]
[2024-01-18 10:17:04,931:INFO: common: created directory at: artifacts]
[2024-01-18 10:17:04,931:INFO: common: created directory at: artifacts/data_ingestion]
[2024-01-18 10:17:04,931:INFO: data_ingestion: File already exists of size : ~ 90 KB]
[2024-01-18 10:17:04,931:ERROR: main: [Errno 21] Is a directory: 'artifacts/data_ingestion/data_mails/']
Traceback (most recent call last):
  File "/Users/tachet/Documents/GitHub/SPAM_MAIL_DETECTION/main.py", line 20, in <module>
    data_ingestion.main()
  File "/Users/tachet/Documents/GitHub/SPAM_MAIL_DETECTION/src/mlProject/pipeline/stage_01_data_ingestion.py", line 17, in main
    data_ingestion.extract_zip_file()
  File "/Users/tachet/Documents/GitHub/SPAM_MAIL_DETECTION/src/mlProject/components/data_ingestion.py", line 35, in extract_zip_file
    with zipfile.ZipFile(self.config.local_data_file,'r') as zip_ref:
         ^^^^^^^^^^^^^^^^^^^^^^^^^^^^^^^^^^^^^^^^^^^^^^^^
  File "/Users/tachet/opt/anaconda3/envs/MlOps/lib/python3.12/zipfile/__init__.py", line 1320, in __init__
    self.fp = io.open(file, filemode)
              ^^^^^^^^^^^^^^^^^^^^^^^
IsADirectoryError: [Errno 21] Is a directory: 'artifacts/data_ingestion/data_mails/'
[2024-01-18 10:17:21,154:INFO: main: >>>> stage Data Ingestion stage started <<<<<<]
[2024-01-18 10:17:21,157:INFO: common: yaml file: config/config.yaml loaded successfully]
[2024-01-18 10:17:21,158:INFO: common: yaml file: params.yaml loaded successfully]
[2024-01-18 10:17:21,159:INFO: common: yaml file: schema.yaml loaded successfully]
[2024-01-18 10:17:21,159:INFO: common: created directory at: artifacts]
[2024-01-18 10:17:21,159:INFO: common: created directory at: artifacts/data_ingestion]
[2024-01-18 10:17:21,640:ERROR: main: HTTP Error 404: Not Found]
Traceback (most recent call last):
  File "/Users/tachet/Documents/GitHub/SPAM_MAIL_DETECTION/main.py", line 20, in <module>
    data_ingestion.main()
  File "/Users/tachet/Documents/GitHub/SPAM_MAIL_DETECTION/src/mlProject/pipeline/stage_01_data_ingestion.py", line 16, in main
    data_ingestion.download_file()
  File "/Users/tachet/Documents/GitHub/SPAM_MAIL_DETECTION/src/mlProject/components/data_ingestion.py", line 24, in download_file
    filename,headers =request.urlretrieve(
                      ^^^^^^^^^^^^^^^^^^^^
  File "/Users/tachet/opt/anaconda3/envs/MlOps/lib/python3.12/urllib/request.py", line 240, in urlretrieve
    with contextlib.closing(urlopen(url, data)) as fp:
                            ^^^^^^^^^^^^^^^^^^
  File "/Users/tachet/opt/anaconda3/envs/MlOps/lib/python3.12/urllib/request.py", line 215, in urlopen
    return opener.open(url, data, timeout)
           ^^^^^^^^^^^^^^^^^^^^^^^^^^^^^^^
  File "/Users/tachet/opt/anaconda3/envs/MlOps/lib/python3.12/urllib/request.py", line 521, in open
    response = meth(req, response)
               ^^^^^^^^^^^^^^^^^^^
  File "/Users/tachet/opt/anaconda3/envs/MlOps/lib/python3.12/urllib/request.py", line 630, in http_response
    response = self.parent.error(
               ^^^^^^^^^^^^^^^^^^
  File "/Users/tachet/opt/anaconda3/envs/MlOps/lib/python3.12/urllib/request.py", line 559, in error
    return self._call_chain(*args)
           ^^^^^^^^^^^^^^^^^^^^^^^
  File "/Users/tachet/opt/anaconda3/envs/MlOps/lib/python3.12/urllib/request.py", line 492, in _call_chain
    result = func(*args)
             ^^^^^^^^^^^
  File "/Users/tachet/opt/anaconda3/envs/MlOps/lib/python3.12/urllib/request.py", line 639, in http_error_default
    raise HTTPError(req.full_url, code, msg, hdrs, fp)
urllib.error.HTTPError: HTTP Error 404: Not Found
[2024-01-18 10:19:06,487:INFO: main: >>>> stage Data Ingestion stage started <<<<<<]
[2024-01-18 10:19:06,490:INFO: common: yaml file: config/config.yaml loaded successfully]
[2024-01-18 10:19:06,492:INFO: common: yaml file: params.yaml loaded successfully]
[2024-01-18 10:19:06,493:INFO: common: yaml file: schema.yaml loaded successfully]
[2024-01-18 10:19:06,494:INFO: common: created directory at: artifacts]
[2024-01-18 10:19:06,494:INFO: common: created directory at: artifacts/data_ingestion]
[2024-01-18 10:19:07,788:INFO: data_ingestion: artifacts/data_ingestion/data_mails/* download! with following info: 
Server: GitHub.com
Date: Thu, 18 Jan 2024 09:19:07 GMT
Content-Type: text/html; charset=utf-8
Vary: X-PJAX, X-PJAX-Container, Turbo-Visit, Turbo-Frame, Accept-Encoding, Accept, X-Requested-With
ETag: W/"a6ff376ad91538c50314841fa2d9e446"
Cache-Control: max-age=0, private, must-revalidate
Strict-Transport-Security: max-age=31536000; includeSubdomains; preload
X-Frame-Options: deny
X-Content-Type-Options: nosniff
X-XSS-Protection: 0
Referrer-Policy: no-referrer-when-downgrade
Content-Security-Policy: default-src 'none'; base-uri 'self'; child-src github.com/assets-cdn/worker/ gist.github.com/assets-cdn/worker/; connect-src 'self' uploads.github.com www.githubstatus.com collector.github.com raw.githubusercontent.com api.github.com github-cloud.s3.amazonaws.com github-production-repository-file-5c1aeb.s3.amazonaws.com github-production-upload-manifest-file-7fdce7.s3.amazonaws.com github-production-user-asset-6210df.s3.amazonaws.com cdn.optimizely.com logx.optimizely.com/v1/events api.githubcopilot.com objects-origin.githubusercontent.com *.actions.githubusercontent.com wss://*.actions.githubusercontent.com productionresultssa0.blob.core.windows.net/ productionresultssa1.blob.core.windows.net/ productionresultssa2.blob.core.windows.net/ productionresultssa3.blob.core.windows.net/ productionresultssa4.blob.core.windows.net/ productionresultssa5.blob.core.windows.net/ productionresultssa6.blob.core.windows.net/ productionresultssa7.blob.core.windows.net/ productionresultssa8.blob.core.windows.net/ productionresultssa9.blob.core.windows.net/ github-production-repository-image-32fea6.s3.amazonaws.com github-production-release-asset-2e65be.s3.amazonaws.com insights.github.com wss://alive.github.com; font-src github.githubassets.com; form-action 'self' github.com gist.github.com objects-origin.githubusercontent.com; frame-ancestors 'none'; frame-src viewscreen.githubusercontent.com notebooks.githubusercontent.com; img-src 'self' data: github.githubassets.com media.githubusercontent.com camo.githubusercontent.com identicons.github.com avatars.githubusercontent.com github-cloud.s3.amazonaws.com objects.githubusercontent.com secured-user-images.githubusercontent.com/ user-images.githubusercontent.com/ private-user-images.githubusercontent.com opengraph.githubassets.com github-production-user-asset-6210df.s3.amazonaws.com customer-stories-feed.github.com spotlights-feed.github.com objects-origin.githubusercontent.com *.githubusercontent.com; manifest-src 'self'; media-src github.com user-images.githubusercontent.com/ secured-user-images.githubusercontent.com/ private-user-images.githubusercontent.com github-production-user-asset-6210df.s3.amazonaws.com gist.github.com; script-src github.githubassets.com; style-src 'unsafe-inline' github.githubassets.com; upgrade-insecure-requests; worker-src github.com/assets-cdn/worker/ gist.github.com/assets-cdn/worker/
Set-Cookie: _gh_sess=Y4kV97o8AxieM1QYtKMVHLwhUV2fLXnb4NUY27MfbrHa3607y75h2VxAIq2zALAciLfXuYupIiFW0XZ6vakGutTHPH7X4gVoDYU7sO%2BXHy4etiuriKyMIx7zMzosWPjViruRrlXPdL7Uw9RMEkN7TnPMLRUGChjWDTqaS8fMjMAVLu7ApWy6apZIeoaLunA63g4qznul9x1c5L4P9jCcyWK74zttyfQZyD8JteuBLp9Ommgipq4g8ztlArXMgegNtG3nIMJmPcxq75by7nkpIw%3D%3D--KeGF2PsqI%2BgstDMw--ExNFYGu7OFsAhn%2B2qGSfeQ%3D%3D; Path=/; HttpOnly; Secure; SameSite=Lax
Set-Cookie: _octo=GH1.1.1358373184.1705569547; Path=/; Domain=github.com; Expires=Sat, 18 Jan 2025 09:19:07 GMT; Secure; SameSite=Lax
Set-Cookie: logged_in=no; Path=/; Domain=github.com; Expires=Sat, 18 Jan 2025 09:19:07 GMT; HttpOnly; Secure; SameSite=Lax
Accept-Ranges: bytes
Transfer-Encoding: chunked
X-GitHub-Request-Id: D454:2D48B9:FED10CB:101A3562:65A8ED0A
connection: close

]
[2024-01-18 10:19:07,789:ERROR: main: File is not a zip file]
Traceback (most recent call last):
  File "/Users/tachet/Documents/GitHub/SPAM_MAIL_DETECTION/main.py", line 20, in <module>
    data_ingestion.main()
  File "/Users/tachet/Documents/GitHub/SPAM_MAIL_DETECTION/src/mlProject/pipeline/stage_01_data_ingestion.py", line 17, in main
    data_ingestion.extract_zip_file()
  File "/Users/tachet/Documents/GitHub/SPAM_MAIL_DETECTION/src/mlProject/components/data_ingestion.py", line 35, in extract_zip_file
    with zipfile.ZipFile(self.config.local_data_file,'r') as zip_ref:
         ^^^^^^^^^^^^^^^^^^^^^^^^^^^^^^^^^^^^^^^^^^^^^^^^
  File "/Users/tachet/opt/anaconda3/envs/MlOps/lib/python3.12/zipfile/__init__.py", line 1338, in __init__
    self._RealGetContents()
  File "/Users/tachet/opt/anaconda3/envs/MlOps/lib/python3.12/zipfile/__init__.py", line 1405, in _RealGetContents
    raise BadZipFile("File is not a zip file")
zipfile.BadZipFile: File is not a zip file
[2024-01-18 10:19:55,715:INFO: common: yaml file: config/config.yaml loaded successfully]
[2024-01-18 10:19:55,717:INFO: common: yaml file: params.yaml loaded successfully]
[2024-01-18 10:19:55,719:INFO: common: yaml file: schema.yaml loaded successfully]
[2024-01-18 10:19:55,720:INFO: common: created directory at: artifacts]
[2024-01-18 10:19:55,721:INFO: common: created directory at: artifacts/data_ingestion]
[2024-01-18 10:19:55,722:INFO: 2715557891: File already exists of size : ~ 132 KB]
[2024-01-18 10:23:00,087:INFO: common: yaml file: config/config.yaml loaded successfully]
[2024-01-18 10:23:00,089:INFO: common: yaml file: params.yaml loaded successfully]
[2024-01-18 10:23:00,092:INFO: common: yaml file: schema.yaml loaded successfully]
[2024-01-18 10:23:00,092:INFO: common: created directory at: artifacts]
[2024-01-18 10:23:00,093:INFO: common: created directory at: artifacts/data_ingestion]
[2024-01-18 10:23:00,094:INFO: 2715557891: File already exists of size : ~ 132 KB]
[2024-01-18 10:26:02,977:INFO: common: yaml file: config/config.yaml loaded successfully]
[2024-01-18 10:26:02,980:INFO: common: yaml file: params.yaml loaded successfully]
[2024-01-18 10:26:02,982:INFO: common: yaml file: schema.yaml loaded successfully]
[2024-01-18 10:26:02,983:INFO: common: created directory at: artifacts]
[2024-01-18 10:26:02,984:INFO: common: created directory at: artifacts/data_ingestion]
[2024-01-18 10:26:02,985:INFO: 715583437: File already exists of size : ~ 132 KB]
[2024-01-18 10:26:47,865:INFO: common: yaml file: config/config.yaml loaded successfully]
[2024-01-18 10:26:47,867:INFO: common: yaml file: params.yaml loaded successfully]
[2024-01-18 10:26:47,869:INFO: common: yaml file: schema.yaml loaded successfully]
[2024-01-18 10:26:47,870:INFO: common: created directory at: artifacts]
[2024-01-18 10:26:47,871:INFO: common: created directory at: artifacts/data_ingestion]
[2024-01-18 10:26:47,872:INFO: 715583437: File already exists of size : ~ 132 KB]
[2024-01-18 10:27:25,965:INFO: common: yaml file: config/config.yaml loaded successfully]
[2024-01-18 10:27:25,968:INFO: common: yaml file: params.yaml loaded successfully]
[2024-01-18 10:27:25,971:INFO: common: yaml file: schema.yaml loaded successfully]
[2024-01-18 10:27:25,972:INFO: common: created directory at: artifacts]
[2024-01-18 10:27:25,973:INFO: common: created directory at: artifacts/data_ingestion]
[2024-01-18 10:27:57,326:INFO: common: yaml file: config/config.yaml loaded successfully]
[2024-01-18 10:27:57,328:INFO: common: yaml file: params.yaml loaded successfully]
[2024-01-18 10:27:57,330:INFO: common: yaml file: schema.yaml loaded successfully]
[2024-01-18 10:27:57,332:INFO: common: created directory at: artifacts]
[2024-01-18 10:27:57,333:INFO: common: created directory at: artifacts/data_ingestion]
[2024-01-18 10:28:44,371:INFO: common: yaml file: config/config.yaml loaded successfully]
[2024-01-18 10:28:44,373:INFO: common: yaml file: params.yaml loaded successfully]
[2024-01-18 10:28:44,376:INFO: common: yaml file: schema.yaml loaded successfully]
[2024-01-18 10:28:44,378:INFO: common: created directory at: artifacts]
[2024-01-18 10:28:44,380:INFO: common: created directory at: artifacts/data_ingestion]
[2024-01-18 10:28:44,381:INFO: 715583437: File already exists of size : ~ 0 KB]
[2024-01-18 10:28:59,090:INFO: common: yaml file: config/config.yaml loaded successfully]
[2024-01-18 10:28:59,093:INFO: common: yaml file: params.yaml loaded successfully]
[2024-01-18 10:28:59,096:INFO: common: yaml file: schema.yaml loaded successfully]
[2024-01-18 10:28:59,097:INFO: common: created directory at: artifacts]
[2024-01-18 10:28:59,098:INFO: common: created directory at: artifacts/data_ingestion]
[2024-01-18 10:28:59,099:INFO: 2715557891: File already exists of size : ~ 0 KB]
[2024-01-18 10:30:04,910:INFO: common: yaml file: config/config.yaml loaded successfully]
[2024-01-18 10:30:04,912:INFO: common: yaml file: params.yaml loaded successfully]
[2024-01-18 10:30:04,914:INFO: common: yaml file: schema.yaml loaded successfully]
[2024-01-18 10:30:04,915:INFO: common: created directory at: artifacts]
[2024-01-18 10:30:04,916:INFO: common: created directory at: artifacts/data_ingestion]
[2024-01-18 10:30:04,917:INFO: 2715557891: File already exists of size : ~ 0 KB]
[2024-01-18 10:31:41,988:INFO: common: yaml file: config/config.yaml loaded successfully]
[2024-01-18 10:31:41,992:INFO: common: yaml file: params.yaml loaded successfully]
[2024-01-18 10:31:41,994:INFO: common: yaml file: schema.yaml loaded successfully]
[2024-01-18 10:31:41,995:INFO: common: created directory at: artifacts]
[2024-01-18 10:31:41,997:INFO: common: created directory at: artifacts/data_ingestion]
[2024-01-18 10:31:41,999:INFO: 450996047: File already exists of size : ~ 0 KB]
[2024-01-18 10:33:10,268:INFO: common: yaml file: config/config.yaml loaded successfully]
[2024-01-18 10:33:10,271:INFO: common: yaml file: params.yaml loaded successfully]
[2024-01-18 10:33:10,273:INFO: common: yaml file: schema.yaml loaded successfully]
[2024-01-18 10:33:10,274:INFO: common: created directory at: artifacts]
[2024-01-18 10:33:10,275:INFO: common: created directory at: artifacts/data_ingestion]
[2024-01-18 10:33:10,276:INFO: 450996047: File already exists of size : ~ 4315 KB]
[2024-01-18 10:33:44,200:INFO: common: yaml file: config/config.yaml loaded successfully]
[2024-01-18 10:33:44,203:INFO: common: yaml file: params.yaml loaded successfully]
[2024-01-18 10:33:44,205:INFO: common: yaml file: schema.yaml loaded successfully]
[2024-01-18 10:33:44,207:INFO: common: created directory at: artifacts]
[2024-01-18 10:33:44,208:INFO: common: created directory at: artifacts/data_ingestion]
[2024-01-18 10:33:44,209:INFO: 450996047: File already exists of size : ~ 4315 KB]
[2024-01-18 10:34:07,449:INFO: common: yaml file: config/config.yaml loaded successfully]
[2024-01-18 10:34:07,451:INFO: common: yaml file: params.yaml loaded successfully]
[2024-01-18 10:34:07,453:INFO: common: yaml file: schema.yaml loaded successfully]
[2024-01-18 10:34:07,455:INFO: common: created directory at: artifacts]
[2024-01-18 10:34:07,456:INFO: common: created directory at: artifacts/data_ingestion]
[2024-01-18 10:34:07,457:INFO: 450996047: File already exists of size : ~ 4315 KB]
[2024-01-18 10:37:02,468:INFO: utils: NumExpr defaulting to 8 threads.]
[2024-01-18 10:37:06,180:INFO: main: >>>> stage Data Ingestion stage started <<<<<<]
[2024-01-18 10:37:06,184:INFO: common: yaml file: config\config.yaml loaded successfully]
[2024-01-18 10:37:06,184:INFO: common: yaml file: params.yaml loaded successfully]
[2024-01-18 10:37:06,186:INFO: common: yaml file: schema.yaml loaded successfully]
[2024-01-18 10:37:06,186:INFO: common: created directory at: artifacts]
[2024-01-18 10:37:06,187:INFO: common: created directory at: artifacts/data_ingestion]
[2024-01-18 10:37:06,187:INFO: data_ingestion: File already exists of size : ~ 4315 KB]
[2024-01-18 10:37:08,662:INFO: main: >>>>> stage Data Ingestion stage complated <<<<<

x======x]
[2024-01-18 10:37:08,663:INFO: main: >>>> stage Data Validation stage started <<<<<<]
[2024-01-18 10:37:08,667:INFO: common: yaml file: config\config.yaml loaded successfully]
[2024-01-18 10:37:08,668:INFO: common: yaml file: params.yaml loaded successfully]
[2024-01-18 10:37:08,670:INFO: common: yaml file: schema.yaml loaded successfully]
[2024-01-18 10:37:08,671:INFO: common: created directory at: artifacts]
[2024-01-18 10:37:08,671:INFO: common: created directory at: artifacts/data_validation]
[2024-01-18 10:37:08,682:INFO: main: >>>>> stage Data Validation stage complated <<<<<

x======x]
[2024-01-18 10:37:08,683:INFO: main: >>>> stage Data Transformation stage started <<<<<<]
[2024-01-18 10:37:08,692:INFO: common: yaml file: config\config.yaml loaded successfully]
[2024-01-18 10:37:08,694:INFO: common: yaml file: params.yaml loaded successfully]
[2024-01-18 10:37:08,697:INFO: common: yaml file: schema.yaml loaded successfully]
[2024-01-18 10:37:08,699:INFO: common: created directory at: artifacts]
[2024-01-18 10:37:08,700:INFO: common: created directory at: artifacts/data_transformation]
[2024-01-18 10:37:18,776:INFO: main: >>>>> stage Data Transformation stage complated <<<<<

x======x]
[2024-01-18 10:37:18,777:INFO: main: >>>> stage Model Trainer stage started <<<<<<]
[2024-01-18 10:37:18,782:INFO: common: yaml file: config\config.yaml loaded successfully]
[2024-01-18 10:37:18,783:INFO: common: yaml file: params.yaml loaded successfully]
[2024-01-18 10:37:18,785:INFO: common: yaml file: schema.yaml loaded successfully]
[2024-01-18 10:37:18,786:INFO: common: created directory at: artifacts]
[2024-01-18 10:37:18,786:INFO: common: created directory at: artifacts/model_trainer]
[2024-01-18 10:37:18,787:ERROR: main: "'ConfigBox' object has no attribute 'name'"]
Traceback (most recent call last):
  File "box\box.py", line 503, in box.box.Box.__getitem__
KeyError: 'name'

The above exception was the direct cause of the following exception:

Traceback (most recent call last):
  File "box\box.py", line 536, in box.box.Box.__getattr__
  File "box\box.py", line 524, in box.box.Box.__getitem__
box.exceptions.BoxKeyError: "'name'"

During handling of the above exception, another exception occurred:

Traceback (most recent call last):
  File "box\box.py", line 538, in box.box.Box.__getattr__
AttributeError: 'ConfigBox' object has no attribute 'name'

The above exception was the direct cause of the following exception:

Traceback (most recent call last):
  File "box\config_box.py", line 28, in box.config_box.ConfigBox.__getattr__
  File "box\box.py", line 552, in box.box.Box.__getattr__
box.exceptions.BoxKeyError: "'ConfigBox' object has no attribute 'name'"

During handling of the above exception, another exception occurred:

Traceback (most recent call last):
  File "box\box.py", line 503, in box.box.Box.__getitem__
KeyError: 'name'

The above exception was the direct cause of the following exception:

Traceback (most recent call last):
  File "box\box.py", line 536, in box.box.Box.__getattr__
  File "box\box.py", line 524, in box.box.Box.__getitem__
box.exceptions.BoxKeyError: "'name'"

During handling of the above exception, another exception occurred:

Traceback (most recent call last):
  File "box\box.py", line 538, in box.box.Box.__getattr__
AttributeError: 'ConfigBox' object has no attribute 'name'

The above exception was the direct cause of the following exception:

Traceback (most recent call last):
  File "C:\Users\Julian\Desktop\COURS\MLO-Edge_Cloud_Computing\SPAM_MAIL_DETECTION\main.py", line 66, in <module>
    model_trainer.main()
  File "C:\Users\Julian\Desktop\COURS\MLO-Edge_Cloud_Computing\SPAM_MAIL_DETECTION\src\mlProject\pipeline\stage_04_model_trainer.py", line 16, in main
    model_trainer_config=config.get_model_trainer()
  File "C:\Users\Julian\Desktop\COURS\MLO-Edge_Cloud_Computing\SPAM_MAIL_DETECTION\src\mlProject\config\configuration.py", line 70, in get_model_trainer
    target_column= schema.name
  File "box\config_box.py", line 30, in box.config_box.ConfigBox.__getattr__
  File "box\box.py", line 552, in box.box.Box.__getattr__
box.exceptions.BoxKeyError: "'ConfigBox' object has no attribute 'name'"
